2025-09-16 12:30:53 INFO  [main] in.parthi.ui.TransactionInterface - Start taking transaction details from user
2025-09-16 12:31:32 INFO  [main] o.h.jpa.internal.util.LogHelper - HHH000204: Processing PersistenceUnitInfo [name: Logistic]
2025-09-16 12:31:32 INFO  [main] org.hibernate.Version - HHH000412: Hibernate ORM core version 6.5.2.Final
2025-09-16 12:31:32 INFO  [main] o.h.c.i.RegionFactoryInitiator - HHH000026: Second-level cache disabled
2025-09-16 12:31:32 WARN  [main] o.hibernate.orm.connections.pooling - HHH10001002: Using built-in connection pool (not intended for production use)
2025-09-16 12:31:33 INFO  [main] o.hibernate.orm.connections.pooling - HHH10001005: Loaded JDBC driver class: com.microsoft.sqlserver.jdbc.SQLServerDriver
2025-09-16 12:31:33 INFO  [main] o.hibernate.orm.connections.pooling - HHH10001012: Connecting with JDBC URL [jdbc:sqlserver://acceleratron.in:3133;databaseName=parthi_erp;encrypt=false]
2025-09-16 12:31:33 INFO  [main] o.hibernate.orm.connections.pooling - HHH10001001: Connection properties: {password=****, user=acc}
2025-09-16 12:31:33 INFO  [main] o.hibernate.orm.connections.pooling - HHH10001003: Autocommit mode: false
2025-09-16 12:31:33 INFO  [main] o.hibernate.orm.connections.pooling - HHH10001115: Connection pool size: 20 (min=1)
2025-09-16 12:31:33 WARN  [main] org.hibernate.orm.deprecation - HHH90000025: SQLServerDialect does not need to be specified explicitly using 'hibernate.dialect' (remove the property setting and it will be selected by default)
2025-09-16 12:31:35 INFO  [main] o.h.e.t.j.p.i.JtaPlatformInitiator - HHH000489: No JTA platform available (set 'hibernate.transaction.jta.platform' to enable JTA platform integration)
2025-09-16 12:31:35 INFO  [main] o.hibernate.orm.connections.access - HHH10001501: Connection obtained from JdbcConnectionAccess [org.hibernate.engine.jdbc.env.internal.JdbcEnvironmentInitiator$ConnectionProviderJdbcConnectionAccess@5e3db14] for (non-JTA) DDL execution was not in auto-commit mode; the Connection 'local transaction' will be committed and the Connection will be set into auto-commit mode.
2025-09-16 12:31:36 INFO  [main] o.hibernate.orm.connections.pooling - HHH10001008: Cleaning up connection pool [jdbc:sqlserver://acceleratron.in:3133;databaseName=parthi_erp;encrypt=false]
2025-09-16 12:31:36 INFO  [main] i.p.core.service.TransactionService - transaction with id: d34c7b55-d99c-492d-8cab-f89b9dc19fa2 found in database
2025-09-16 12:31:36 INFO  [main] o.h.jpa.internal.util.LogHelper - HHH000204: Processing PersistenceUnitInfo [name: Logistic]
2025-09-16 12:31:36 INFO  [main] o.h.c.i.RegionFactoryInitiator - HHH000026: Second-level cache disabled
2025-09-16 12:31:36 WARN  [main] o.hibernate.orm.connections.pooling - HHH10001002: Using built-in connection pool (not intended for production use)
2025-09-16 12:31:36 INFO  [main] o.hibernate.orm.connections.pooling - HHH10001005: Loaded JDBC driver class: com.microsoft.sqlserver.jdbc.SQLServerDriver
2025-09-16 12:31:36 INFO  [main] o.hibernate.orm.connections.pooling - HHH10001012: Connecting with JDBC URL [jdbc:sqlserver://acceleratron.in:3133;databaseName=parthi_erp;encrypt=false]
2025-09-16 12:31:36 INFO  [main] o.hibernate.orm.connections.pooling - HHH10001001: Connection properties: {password=****, user=acc}
2025-09-16 12:31:36 INFO  [main] o.hibernate.orm.connections.pooling - HHH10001003: Autocommit mode: false
2025-09-16 12:31:36 INFO  [main] o.hibernate.orm.connections.pooling - HHH10001115: Connection pool size: 20 (min=1)
2025-09-16 12:31:36 WARN  [main] org.hibernate.orm.deprecation - HHH90000025: SQLServerDialect does not need to be specified explicitly using 'hibernate.dialect' (remove the property setting and it will be selected by default)
2025-09-16 12:31:36 INFO  [main] o.h.e.t.j.p.i.JtaPlatformInitiator - HHH000489: No JTA platform available (set 'hibernate.transaction.jta.platform' to enable JTA platform integration)
2025-09-16 12:31:36 INFO  [main] o.hibernate.orm.connections.access - HHH10001501: Connection obtained from JdbcConnectionAccess [org.hibernate.engine.jdbc.env.internal.JdbcEnvironmentInitiator$ConnectionProviderJdbcConnectionAccess@83b0d0f] for (non-JTA) DDL execution was not in auto-commit mode; the Connection 'local transaction' will be committed and the Connection will be set into auto-commit mode.
2025-09-16 12:31:37 INFO  [main] i.p.core.repository.TransactionRepo - Transaction with id: d34c7b55-d99c-492d-8cab-f89b9dc19fa2 added successfully
2025-09-16 12:31:37 INFO  [main] o.hibernate.orm.connections.pooling - HHH10001008: Cleaning up connection pool [jdbc:sqlserver://acceleratron.in:3133;databaseName=parthi_erp;encrypt=false]
2025-09-16 12:31:37 INFO  [main] in.parthi.ui.ProductInterface - Start taking product details from user
2025-09-16 12:32:22 INFO  [main] o.h.jpa.internal.util.LogHelper - HHH000204: Processing PersistenceUnitInfo [name: Logistic]
2025-09-16 12:32:22 INFO  [main] o.h.c.i.RegionFactoryInitiator - HHH000026: Second-level cache disabled
2025-09-16 12:32:22 WARN  [main] o.hibernate.orm.connections.pooling - HHH10001002: Using built-in connection pool (not intended for production use)
2025-09-16 12:32:22 INFO  [main] o.hibernate.orm.connections.pooling - HHH10001005: Loaded JDBC driver class: com.microsoft.sqlserver.jdbc.SQLServerDriver
2025-09-16 12:32:22 INFO  [main] o.hibernate.orm.connections.pooling - HHH10001012: Connecting with JDBC URL [jdbc:sqlserver://acceleratron.in:3133;databaseName=parthi_erp;encrypt=false]
2025-09-16 12:32:22 INFO  [main] o.hibernate.orm.connections.pooling - HHH10001001: Connection properties: {password=****, user=acc}
2025-09-16 12:32:22 INFO  [main] o.hibernate.orm.connections.pooling - HHH10001003: Autocommit mode: false
2025-09-16 12:32:22 INFO  [main] o.hibernate.orm.connections.pooling - HHH10001115: Connection pool size: 20 (min=1)
2025-09-16 12:32:23 WARN  [main] org.hibernate.orm.deprecation - HHH90000025: SQLServerDialect does not need to be specified explicitly using 'hibernate.dialect' (remove the property setting and it will be selected by default)
2025-09-16 12:32:23 INFO  [main] o.h.e.t.j.p.i.JtaPlatformInitiator - HHH000489: No JTA platform available (set 'hibernate.transaction.jta.platform' to enable JTA platform integration)
2025-09-16 12:32:23 INFO  [main] o.hibernate.orm.connections.access - HHH10001501: Connection obtained from JdbcConnectionAccess [org.hibernate.engine.jdbc.env.internal.JdbcEnvironmentInitiator$ConnectionProviderJdbcConnectionAccess@144ee8a7] for (non-JTA) DDL execution was not in auto-commit mode; the Connection 'local transaction' will be committed and the Connection will be set into auto-commit mode.
2025-09-16 12:32:24 INFO  [main] o.hibernate.orm.connections.pooling - HHH10001008: Cleaning up connection pool [jdbc:sqlserver://acceleratron.in:3133;databaseName=parthi_erp;encrypt=false]
2025-09-16 12:32:24 WARN  [main] i.parthi.core.service.ProductService - Product with id: SA-06 not found in database
2025-09-16 12:32:24 INFO  [main] o.h.jpa.internal.util.LogHelper - HHH000204: Processing PersistenceUnitInfo [name: Logistic]
2025-09-16 12:32:24 INFO  [main] o.h.c.i.RegionFactoryInitiator - HHH000026: Second-level cache disabled
2025-09-16 12:32:24 WARN  [main] o.hibernate.orm.connections.pooling - HHH10001002: Using built-in connection pool (not intended for production use)
2025-09-16 12:32:24 INFO  [main] o.hibernate.orm.connections.pooling - HHH10001005: Loaded JDBC driver class: com.microsoft.sqlserver.jdbc.SQLServerDriver
2025-09-16 12:32:24 INFO  [main] o.hibernate.orm.connections.pooling - HHH10001012: Connecting with JDBC URL [jdbc:sqlserver://acceleratron.in:3133;databaseName=parthi_erp;encrypt=false]
2025-09-16 12:32:24 INFO  [main] o.hibernate.orm.connections.pooling - HHH10001001: Connection properties: {password=****, user=acc}
2025-09-16 12:32:24 INFO  [main] o.hibernate.orm.connections.pooling - HHH10001003: Autocommit mode: false
2025-09-16 12:32:24 INFO  [main] o.hibernate.orm.connections.pooling - HHH10001115: Connection pool size: 20 (min=1)
2025-09-16 12:32:24 WARN  [main] org.hibernate.orm.deprecation - HHH90000025: SQLServerDialect does not need to be specified explicitly using 'hibernate.dialect' (remove the property setting and it will be selected by default)
2025-09-16 12:32:24 INFO  [main] o.h.e.t.j.p.i.JtaPlatformInitiator - HHH000489: No JTA platform available (set 'hibernate.transaction.jta.platform' to enable JTA platform integration)
2025-09-16 12:32:24 INFO  [main] o.hibernate.orm.connections.access - HHH10001501: Connection obtained from JdbcConnectionAccess [org.hibernate.engine.jdbc.env.internal.JdbcEnvironmentInitiator$ConnectionProviderJdbcConnectionAccess@1179fc8c] for (non-JTA) DDL execution was not in auto-commit mode; the Connection 'local transaction' will be committed and the Connection will be set into auto-commit mode.
2025-09-16 12:32:25 INFO  [main] i.parthi.core.repository.ProductRepo - Product with id: SA-06 added to the database
2025-09-16 12:32:25 INFO  [main] o.hibernate.orm.connections.pooling - HHH10001008: Cleaning up connection pool [jdbc:sqlserver://acceleratron.in:3133;databaseName=parthi_erp;encrypt=false]
2025-09-16 12:32:28 INFO  [main] o.h.jpa.internal.util.LogHelper - HHH000204: Processing PersistenceUnitInfo [name: Logistic]
2025-09-16 12:32:28 INFO  [main] o.h.c.i.RegionFactoryInitiator - HHH000026: Second-level cache disabled
2025-09-16 12:32:28 WARN  [main] o.hibernate.orm.connections.pooling - HHH10001002: Using built-in connection pool (not intended for production use)
2025-09-16 12:32:28 INFO  [main] o.hibernate.orm.connections.pooling - HHH10001005: Loaded JDBC driver class: com.microsoft.sqlserver.jdbc.SQLServerDriver
2025-09-16 12:32:28 INFO  [main] o.hibernate.orm.connections.pooling - HHH10001012: Connecting with JDBC URL [jdbc:sqlserver://acceleratron.in:3133;databaseName=parthi_erp;encrypt=false]
2025-09-16 12:32:28 INFO  [main] o.hibernate.orm.connections.pooling - HHH10001001: Connection properties: {password=****, user=acc}
2025-09-16 12:32:28 INFO  [main] o.hibernate.orm.connections.pooling - HHH10001003: Autocommit mode: false
2025-09-16 12:32:28 INFO  [main] o.hibernate.orm.connections.pooling - HHH10001115: Connection pool size: 20 (min=1)
2025-09-16 12:32:29 WARN  [main] org.hibernate.orm.deprecation - HHH90000025: SQLServerDialect does not need to be specified explicitly using 'hibernate.dialect' (remove the property setting and it will be selected by default)
2025-09-16 12:32:29 INFO  [main] o.h.e.t.j.p.i.JtaPlatformInitiator - HHH000489: No JTA platform available (set 'hibernate.transaction.jta.platform' to enable JTA platform integration)
2025-09-16 12:32:29 INFO  [main] o.hibernate.orm.connections.access - HHH10001501: Connection obtained from JdbcConnectionAccess [org.hibernate.engine.jdbc.env.internal.JdbcEnvironmentInitiator$ConnectionProviderJdbcConnectionAccess@5f2b9da8] for (non-JTA) DDL execution was not in auto-commit mode; the Connection 'local transaction' will be committed and the Connection will be set into auto-commit mode.
2025-09-16 12:32:29 INFO  [main] o.hibernate.orm.connections.pooling - HHH10001008: Cleaning up connection pool [jdbc:sqlserver://acceleratron.in:3133;databaseName=parthi_erp;encrypt=false]
