2025-09-23 17:17:33 INFO  [in.parthi.ui.ProductInterface] in.parthi.ui.ProductInterface - Start taking product details from user
2025-09-23 17:17:33 INFO  [in.parthi.ui.ProductInterface] in.parthi.ui.ProductInterface - Start taking product details from user
2025-09-23 17:17:37 INFO  [org.hibernate.jpa.internal.util.LogHelper] o.h.jpa.internal.util.LogHelper - HHH000204: Processing PersistenceUnitInfo [name: Logistic]
2025-09-23 17:17:38 INFO  [org.hibernate.Version] org.hibernate.Version - HHH000412: Hibernate ORM core version 6.5.2.Final
2025-09-23 17:17:38 INFO  [org.hibernate.cache.internal.RegionFactoryInitiator] o.h.c.i.RegionFactoryInitiator - HHH000026: Second-level cache disabled
2025-09-23 17:17:38 WARN  [org.hibernate.orm.connections.pooling] o.hibernate.orm.connections.pooling - HHH10001002: Using built-in connection pool (not intended for production use)
2025-09-23 17:17:38 INFO  [org.hibernate.orm.connections.pooling] o.hibernate.orm.connections.pooling - HHH10001005: Loaded JDBC driver class: com.microsoft.sqlserver.jdbc.SQLServerDriver
2025-09-23 17:17:38 INFO  [org.hibernate.orm.connections.pooling] o.hibernate.orm.connections.pooling - HHH10001012: Connecting with JDBC URL [jdbc:sqlserver://acceleratron.in:3133;databaseName=parthi_erp;encrypt=false]
2025-09-23 17:17:38 INFO  [org.hibernate.orm.connections.pooling] o.hibernate.orm.connections.pooling - HHH10001001: Connection properties: {password=****, user=acc}
2025-09-23 17:17:38 INFO  [org.hibernate.orm.connections.pooling] o.hibernate.orm.connections.pooling - HHH10001003: Autocommit mode: false
2025-09-23 17:17:38 INFO  [org.hibernate.orm.connections.pooling] o.hibernate.orm.connections.pooling - HHH10001115: Connection pool size: 20 (min=1)
2025-09-23 17:17:40 WARN  [org.hibernate.orm.deprecation] org.hibernate.orm.deprecation - HHH90000025: SQLServerDialect does not need to be specified explicitly using 'hibernate.dialect' (remove the property setting and it will be selected by default)
2025-09-23 17:17:41 INFO  [org.hibernate.engine.transaction.jta.platform.internal.JtaPlatformInitiator] o.h.e.t.j.p.i.JtaPlatformInitiator - HHH000489: No JTA platform available (set 'hibernate.transaction.jta.platform' to enable JTA platform integration)
2025-09-23 17:17:42 INFO  [org.hibernate.orm.connections.access] o.hibernate.orm.connections.access - HHH10001501: Connection obtained from JdbcConnectionAccess [org.hibernate.engine.jdbc.env.internal.JdbcEnvironmentInitiator$ConnectionProviderJdbcConnectionAccess@63d677f5] for (non-JTA) DDL execution was not in auto-commit mode; the Connection 'local transaction' will be committed and the Connection will be set into auto-commit mode.
2025-09-23 17:17:44 INFO  [org.hibernate.orm.connections.pooling] o.hibernate.orm.connections.pooling - HHH10001008: Cleaning up connection pool [jdbc:sqlserver://acceleratron.in:3133;databaseName=parthi_erp;encrypt=false]
2025-09-23 17:17:44 WARN  [in.parthi.core.service.ProductService] i.parthi.core.service.ProductService - Product with id: SA not found in database
2025-09-23 18:14:48 INFO  [in.parthi.ui.ProductInterface] in.parthi.ui.ProductInterface - Start taking product details from user
2025-09-23 18:14:48 INFO  [in.parthi.ui.ProductInterface] in.parthi.ui.ProductInterface - Start taking product details from user
2025-09-23 18:14:53 INFO  [org.hibernate.jpa.internal.util.LogHelper] o.h.jpa.internal.util.LogHelper - HHH000204: Processing PersistenceUnitInfo [name: Logistic]
2025-09-23 18:14:53 INFO  [org.hibernate.Version] org.hibernate.Version - HHH000412: Hibernate ORM core version 6.5.2.Final
2025-09-23 18:14:53 INFO  [org.hibernate.cache.internal.RegionFactoryInitiator] o.h.c.i.RegionFactoryInitiator - HHH000026: Second-level cache disabled
2025-09-23 18:14:53 WARN  [org.hibernate.orm.connections.pooling] o.hibernate.orm.connections.pooling - HHH10001002: Using built-in connection pool (not intended for production use)
2025-09-23 18:14:53 INFO  [org.hibernate.orm.connections.pooling] o.hibernate.orm.connections.pooling - HHH10001005: Loaded JDBC driver class: com.microsoft.sqlserver.jdbc.SQLServerDriver
2025-09-23 18:14:53 INFO  [org.hibernate.orm.connections.pooling] o.hibernate.orm.connections.pooling - HHH10001012: Connecting with JDBC URL [jdbc:sqlserver://acceleratron.in:3133;databaseName=parthi_erp;encrypt=false]
2025-09-23 18:14:53 INFO  [org.hibernate.orm.connections.pooling] o.hibernate.orm.connections.pooling - HHH10001001: Connection properties: {password=****, user=acc}
2025-09-23 18:14:53 INFO  [org.hibernate.orm.connections.pooling] o.hibernate.orm.connections.pooling - HHH10001003: Autocommit mode: false
2025-09-23 18:14:53 INFO  [org.hibernate.orm.connections.pooling] o.hibernate.orm.connections.pooling - HHH10001115: Connection pool size: 20 (min=1)
2025-09-23 18:14:55 WARN  [org.hibernate.orm.deprecation] org.hibernate.orm.deprecation - HHH90000025: SQLServerDialect does not need to be specified explicitly using 'hibernate.dialect' (remove the property setting and it will be selected by default)
2025-09-23 18:14:58 INFO  [org.hibernate.engine.transaction.jta.platform.internal.JtaPlatformInitiator] o.h.e.t.j.p.i.JtaPlatformInitiator - HHH000489: No JTA platform available (set 'hibernate.transaction.jta.platform' to enable JTA platform integration)
2025-09-23 18:14:58 INFO  [org.hibernate.orm.connections.access] o.hibernate.orm.connections.access - HHH10001501: Connection obtained from JdbcConnectionAccess [org.hibernate.engine.jdbc.env.internal.JdbcEnvironmentInitiator$ConnectionProviderJdbcConnectionAccess@63d677f5] for (non-JTA) DDL execution was not in auto-commit mode; the Connection 'local transaction' will be committed and the Connection will be set into auto-commit mode.
2025-09-23 18:15:02 INFO  [in.parthi.core.repository.ProductRepo] i.parthi.core.repository.ProductRepo - Largest Product ID: SA-015
2025-09-23 18:15:02 INFO  [org.hibernate.orm.connections.pooling] o.hibernate.orm.connections.pooling - HHH10001008: Cleaning up connection pool [jdbc:sqlserver://acceleratron.in:3133;databaseName=parthi_erp;encrypt=false]
2025-09-23 18:15:02 INFO  [org.hibernate.jpa.internal.util.LogHelper] o.h.jpa.internal.util.LogHelper - HHH000204: Processing PersistenceUnitInfo [name: Logistic]
2025-09-23 18:15:02 INFO  [org.hibernate.cache.internal.RegionFactoryInitiator] o.h.c.i.RegionFactoryInitiator - HHH000026: Second-level cache disabled
2025-09-23 18:15:02 WARN  [org.hibernate.orm.connections.pooling] o.hibernate.orm.connections.pooling - HHH10001002: Using built-in connection pool (not intended for production use)
2025-09-23 18:15:02 INFO  [org.hibernate.orm.connections.pooling] o.hibernate.orm.connections.pooling - HHH10001005: Loaded JDBC driver class: com.microsoft.sqlserver.jdbc.SQLServerDriver
2025-09-23 18:15:02 INFO  [org.hibernate.orm.connections.pooling] o.hibernate.orm.connections.pooling - HHH10001012: Connecting with JDBC URL [jdbc:sqlserver://acceleratron.in:3133;databaseName=parthi_erp;encrypt=false]
2025-09-23 18:15:02 INFO  [org.hibernate.orm.connections.pooling] o.hibernate.orm.connections.pooling - HHH10001001: Connection properties: {password=****, user=acc}
2025-09-23 18:15:02 INFO  [org.hibernate.orm.connections.pooling] o.hibernate.orm.connections.pooling - HHH10001003: Autocommit mode: false
2025-09-23 18:15:02 INFO  [org.hibernate.orm.connections.pooling] o.hibernate.orm.connections.pooling - HHH10001115: Connection pool size: 20 (min=1)
2025-09-23 18:15:04 WARN  [org.hibernate.orm.deprecation] org.hibernate.orm.deprecation - HHH90000025: SQLServerDialect does not need to be specified explicitly using 'hibernate.dialect' (remove the property setting and it will be selected by default)
2025-09-23 18:15:05 INFO  [org.hibernate.engine.transaction.jta.platform.internal.JtaPlatformInitiator] o.h.e.t.j.p.i.JtaPlatformInitiator - HHH000489: No JTA platform available (set 'hibernate.transaction.jta.platform' to enable JTA platform integration)
2025-09-23 18:15:06 INFO  [org.hibernate.orm.connections.access] o.hibernate.orm.connections.access - HHH10001501: Connection obtained from JdbcConnectionAccess [org.hibernate.engine.jdbc.env.internal.JdbcEnvironmentInitiator$ConnectionProviderJdbcConnectionAccess@7294a684] for (non-JTA) DDL execution was not in auto-commit mode; the Connection 'local transaction' will be committed and the Connection will be set into auto-commit mode.
2025-09-23 18:15:09 INFO  [org.hibernate.orm.connections.pooling] o.hibernate.orm.connections.pooling - HHH10001008: Cleaning up connection pool [jdbc:sqlserver://acceleratron.in:3133;databaseName=parthi_erp;encrypt=false]
2025-09-23 18:15:09 WARN  [in.parthi.core.service.ProductService] i.parthi.core.service.ProductService - Product with id: SA-016 not found in database
2025-09-23 18:15:22 INFO  [in.parthi.ui.ProductInterface] in.parthi.ui.ProductInterface - Product Category entered: 
2025-09-23 18:15:27 INFO  [in.parthi.ui.ProductInterface] in.parthi.ui.ProductInterface - Product name entered:  
