2025-09-26 14:08:41 INFO  [org.hibernate.jpa.internal.util.LogHelper] o.h.jpa.internal.util.LogHelper - HHH000204: Processing PersistenceUnitInfo [name: Logistic]
2025-09-26 14:08:41 INFO  [org.hibernate.Version] org.hibernate.Version - HHH000412: Hibernate ORM core version 6.5.2.Final
2025-09-26 14:08:41 INFO  [org.hibernate.cache.internal.RegionFactoryInitiator] o.h.c.i.RegionFactoryInitiator - HHH000026: Second-level cache disabled
2025-09-26 14:08:42 WARN  [org.hibernate.orm.connections.pooling] o.hibernate.orm.connections.pooling - HHH10001002: Using built-in connection pool (not intended for production use)
2025-09-26 14:08:42 INFO  [org.hibernate.orm.connections.pooling] o.hibernate.orm.connections.pooling - HHH10001005: Loaded JDBC driver class: com.microsoft.sqlserver.jdbc.SQLServerDriver
2025-09-26 14:08:42 INFO  [org.hibernate.orm.connections.pooling] o.hibernate.orm.connections.pooling - HHH10001012: Connecting with JDBC URL [jdbc:sqlserver://acceleratron.in:3133;databaseName=parthi_erp;encrypt=false]
2025-09-26 14:08:42 INFO  [org.hibernate.orm.connections.pooling] o.hibernate.orm.connections.pooling - HHH10001001: Connection properties: {password=****, user=acc}
2025-09-26 14:08:42 INFO  [org.hibernate.orm.connections.pooling] o.hibernate.orm.connections.pooling - HHH10001003: Autocommit mode: false
2025-09-26 14:08:42 INFO  [org.hibernate.orm.connections.pooling] o.hibernate.orm.connections.pooling - HHH10001115: Connection pool size: 20 (min=1)
2025-09-26 14:08:42 WARN  [org.hibernate.orm.deprecation] org.hibernate.orm.deprecation - HHH90000025: SQLServerDialect does not need to be specified explicitly using 'hibernate.dialect' (remove the property setting and it will be selected by default)
2025-09-26 14:08:45 INFO  [org.hibernate.engine.transaction.jta.platform.internal.JtaPlatformInitiator] o.h.e.t.j.p.i.JtaPlatformInitiator - HHH000489: No JTA platform available (set 'hibernate.transaction.jta.platform' to enable JTA platform integration)
2025-09-26 14:08:45 INFO  [org.hibernate.orm.connections.access] o.hibernate.orm.connections.access - HHH10001501: Connection obtained from JdbcConnectionAccess [org.hibernate.engine.jdbc.env.internal.JdbcEnvironmentInitiator$ConnectionProviderJdbcConnectionAccess@3ee4984b] for (non-JTA) DDL execution was not in auto-commit mode; the Connection 'local transaction' will be committed and the Connection will be set into auto-commit mode.
2025-09-26 14:08:45 INFO  [org.hibernate.orm.connections.pooling] o.hibernate.orm.connections.pooling - HHH10001008: Cleaning up connection pool [jdbc:sqlserver://acceleratron.in:3133;databaseName=parthi_erp;encrypt=false]
2025-09-26 14:08:45 WARN  [in.parthi.core.service.ProductService] i.parthi.core.service.ProductService - Product with id: sa-01 not found in database
2025-09-26 14:17:52 INFO  [org.hibernate.jpa.internal.util.LogHelper] o.h.jpa.internal.util.LogHelper - HHH000204: Processing PersistenceUnitInfo [name: Logistic]
2025-09-26 14:17:52 INFO  [org.hibernate.Version] org.hibernate.Version - HHH000412: Hibernate ORM core version 6.5.2.Final
2025-09-26 14:17:53 INFO  [org.hibernate.cache.internal.RegionFactoryInitiator] o.h.c.i.RegionFactoryInitiator - HHH000026: Second-level cache disabled
2025-09-26 14:17:53 WARN  [org.hibernate.orm.connections.pooling] o.hibernate.orm.connections.pooling - HHH10001002: Using built-in connection pool (not intended for production use)
2025-09-26 14:17:53 INFO  [org.hibernate.orm.connections.pooling] o.hibernate.orm.connections.pooling - HHH10001005: Loaded JDBC driver class: com.microsoft.sqlserver.jdbc.SQLServerDriver
2025-09-26 14:17:53 INFO  [org.hibernate.orm.connections.pooling] o.hibernate.orm.connections.pooling - HHH10001012: Connecting with JDBC URL [jdbc:sqlserver://acceleratron.in:3133;databaseName=parthi_erp;encrypt=false]
2025-09-26 14:17:53 INFO  [org.hibernate.orm.connections.pooling] o.hibernate.orm.connections.pooling - HHH10001001: Connection properties: {password=****, user=acc}
2025-09-26 14:17:53 INFO  [org.hibernate.orm.connections.pooling] o.hibernate.orm.connections.pooling - HHH10001003: Autocommit mode: false
2025-09-26 14:17:53 INFO  [org.hibernate.orm.connections.pooling] o.hibernate.orm.connections.pooling - HHH10001115: Connection pool size: 20 (min=1)
2025-09-26 14:17:54 WARN  [org.hibernate.orm.deprecation] org.hibernate.orm.deprecation - HHH90000025: SQLServerDialect does not need to be specified explicitly using 'hibernate.dialect' (remove the property setting and it will be selected by default)
2025-09-26 14:17:57 INFO  [org.hibernate.engine.transaction.jta.platform.internal.JtaPlatformInitiator] o.h.e.t.j.p.i.JtaPlatformInitiator - HHH000489: No JTA platform available (set 'hibernate.transaction.jta.platform' to enable JTA platform integration)
2025-09-26 14:17:57 INFO  [org.hibernate.orm.connections.access] o.hibernate.orm.connections.access - HHH10001501: Connection obtained from JdbcConnectionAccess [org.hibernate.engine.jdbc.env.internal.JdbcEnvironmentInitiator$ConnectionProviderJdbcConnectionAccess@64a40839] for (non-JTA) DDL execution was not in auto-commit mode; the Connection 'local transaction' will be committed and the Connection will be set into auto-commit mode.
2025-09-26 14:17:57 INFO  [org.hibernate.orm.connections.pooling] o.hibernate.orm.connections.pooling - HHH10001008: Cleaning up connection pool [jdbc:sqlserver://acceleratron.in:3133;databaseName=parthi_erp;encrypt=false]
2025-09-26 14:17:57 WARN  [in.parthi.core.service.ProductService] i.parthi.core.service.ProductService - Product with id: SA-01 not found in database
2025-09-26 14:18:17 INFO  [org.hibernate.jpa.internal.util.LogHelper] o.h.jpa.internal.util.LogHelper - HHH000204: Processing PersistenceUnitInfo [name: Logistic]
2025-09-26 14:18:17 INFO  [org.hibernate.cache.internal.RegionFactoryInitiator] o.h.c.i.RegionFactoryInitiator - HHH000026: Second-level cache disabled
2025-09-26 14:18:17 WARN  [org.hibernate.orm.connections.pooling] o.hibernate.orm.connections.pooling - HHH10001002: Using built-in connection pool (not intended for production use)
2025-09-26 14:18:17 INFO  [org.hibernate.orm.connections.pooling] o.hibernate.orm.connections.pooling - HHH10001005: Loaded JDBC driver class: com.microsoft.sqlserver.jdbc.SQLServerDriver
2025-09-26 14:18:17 INFO  [org.hibernate.orm.connections.pooling] o.hibernate.orm.connections.pooling - HHH10001012: Connecting with JDBC URL [jdbc:sqlserver://acceleratron.in:3133;databaseName=parthi_erp;encrypt=false]
2025-09-26 14:18:17 INFO  [org.hibernate.orm.connections.pooling] o.hibernate.orm.connections.pooling - HHH10001001: Connection properties: {password=****, user=acc}
2025-09-26 14:18:17 INFO  [org.hibernate.orm.connections.pooling] o.hibernate.orm.connections.pooling - HHH10001003: Autocommit mode: false
2025-09-26 14:18:17 INFO  [org.hibernate.orm.connections.pooling] o.hibernate.orm.connections.pooling - HHH10001115: Connection pool size: 20 (min=1)
2025-09-26 14:18:17 WARN  [org.hibernate.orm.deprecation] org.hibernate.orm.deprecation - HHH90000025: SQLServerDialect does not need to be specified explicitly using 'hibernate.dialect' (remove the property setting and it will be selected by default)
2025-09-26 14:18:17 INFO  [org.hibernate.engine.transaction.jta.platform.internal.JtaPlatformInitiator] o.h.e.t.j.p.i.JtaPlatformInitiator - HHH000489: No JTA platform available (set 'hibernate.transaction.jta.platform' to enable JTA platform integration)
2025-09-26 14:18:17 INFO  [org.hibernate.orm.connections.access] o.hibernate.orm.connections.access - HHH10001501: Connection obtained from JdbcConnectionAccess [org.hibernate.engine.jdbc.env.internal.JdbcEnvironmentInitiator$ConnectionProviderJdbcConnectionAccess@468b35a6] for (non-JTA) DDL execution was not in auto-commit mode; the Connection 'local transaction' will be committed and the Connection will be set into auto-commit mode.
2025-09-26 14:18:17 INFO  [org.hibernate.orm.connections.pooling] o.hibernate.orm.connections.pooling - HHH10001008: Cleaning up connection pool [jdbc:sqlserver://acceleratron.in:3133;databaseName=parthi_erp;encrypt=false]
2025-09-26 14:24:24 INFO  [org.hibernate.jpa.internal.util.LogHelper] o.h.jpa.internal.util.LogHelper - HHH000204: Processing PersistenceUnitInfo [name: Logistic]
2025-09-26 14:24:24 INFO  [org.hibernate.Version] org.hibernate.Version - HHH000412: Hibernate ORM core version 6.5.2.Final
2025-09-26 14:24:24 INFO  [org.hibernate.cache.internal.RegionFactoryInitiator] o.h.c.i.RegionFactoryInitiator - HHH000026: Second-level cache disabled
2025-09-26 14:24:24 WARN  [org.hibernate.orm.connections.pooling] o.hibernate.orm.connections.pooling - HHH10001002: Using built-in connection pool (not intended for production use)
2025-09-26 14:24:24 INFO  [org.hibernate.orm.connections.pooling] o.hibernate.orm.connections.pooling - HHH10001005: Loaded JDBC driver class: com.microsoft.sqlserver.jdbc.SQLServerDriver
2025-09-26 14:24:24 INFO  [org.hibernate.orm.connections.pooling] o.hibernate.orm.connections.pooling - HHH10001012: Connecting with JDBC URL [jdbc:sqlserver://acceleratron.in:3133;databaseName=parthi_erp;encrypt=false]
2025-09-26 14:24:24 INFO  [org.hibernate.orm.connections.pooling] o.hibernate.orm.connections.pooling - HHH10001001: Connection properties: {password=****, user=acc}
2025-09-26 14:24:24 INFO  [org.hibernate.orm.connections.pooling] o.hibernate.orm.connections.pooling - HHH10001003: Autocommit mode: false
2025-09-26 14:24:24 INFO  [org.hibernate.orm.connections.pooling] o.hibernate.orm.connections.pooling - HHH10001115: Connection pool size: 20 (min=1)
2025-09-26 14:24:25 WARN  [org.hibernate.orm.deprecation] org.hibernate.orm.deprecation - HHH90000025: SQLServerDialect does not need to be specified explicitly using 'hibernate.dialect' (remove the property setting and it will be selected by default)
2025-09-26 14:24:28 INFO  [org.hibernate.engine.transaction.jta.platform.internal.JtaPlatformInitiator] o.h.e.t.j.p.i.JtaPlatformInitiator - HHH000489: No JTA platform available (set 'hibernate.transaction.jta.platform' to enable JTA platform integration)
2025-09-26 14:24:28 INFO  [org.hibernate.orm.connections.access] o.hibernate.orm.connections.access - HHH10001501: Connection obtained from JdbcConnectionAccess [org.hibernate.engine.jdbc.env.internal.JdbcEnvironmentInitiator$ConnectionProviderJdbcConnectionAccess@77cd8195] for (non-JTA) DDL execution was not in auto-commit mode; the Connection 'local transaction' will be committed and the Connection will be set into auto-commit mode.
2025-09-26 14:24:28 INFO  [org.hibernate.orm.connections.pooling] o.hibernate.orm.connections.pooling - HHH10001008: Cleaning up connection pool [jdbc:sqlserver://acceleratron.in:3133;databaseName=parthi_erp;encrypt=false]
2025-09-26 14:31:22 INFO  [org.hibernate.jpa.internal.util.LogHelper] o.h.jpa.internal.util.LogHelper - HHH000204: Processing PersistenceUnitInfo [name: Logistic]
2025-09-26 14:31:22 INFO  [org.hibernate.Version] org.hibernate.Version - HHH000412: Hibernate ORM core version 6.5.2.Final
2025-09-26 14:31:22 INFO  [org.hibernate.cache.internal.RegionFactoryInitiator] o.h.c.i.RegionFactoryInitiator - HHH000026: Second-level cache disabled
2025-09-26 14:31:23 WARN  [org.hibernate.orm.connections.pooling] o.hibernate.orm.connections.pooling - HHH10001002: Using built-in connection pool (not intended for production use)
2025-09-26 14:31:23 INFO  [org.hibernate.orm.connections.pooling] o.hibernate.orm.connections.pooling - HHH10001005: Loaded JDBC driver class: com.microsoft.sqlserver.jdbc.SQLServerDriver
2025-09-26 14:31:23 INFO  [org.hibernate.orm.connections.pooling] o.hibernate.orm.connections.pooling - HHH10001012: Connecting with JDBC URL [jdbc:sqlserver://acceleratron.in:3133;databaseName=parthi_erp;encrypt=false]
2025-09-26 14:31:23 INFO  [org.hibernate.orm.connections.pooling] o.hibernate.orm.connections.pooling - HHH10001001: Connection properties: {password=****, user=acc}
2025-09-26 14:31:23 INFO  [org.hibernate.orm.connections.pooling] o.hibernate.orm.connections.pooling - HHH10001003: Autocommit mode: false
2025-09-26 14:31:23 INFO  [org.hibernate.orm.connections.pooling] o.hibernate.orm.connections.pooling - HHH10001115: Connection pool size: 20 (min=1)
2025-09-26 14:31:24 WARN  [org.hibernate.orm.deprecation] org.hibernate.orm.deprecation - HHH90000025: SQLServerDialect does not need to be specified explicitly using 'hibernate.dialect' (remove the property setting and it will be selected by default)
2025-09-26 14:31:28 INFO  [org.hibernate.engine.transaction.jta.platform.internal.JtaPlatformInitiator] o.h.e.t.j.p.i.JtaPlatformInitiator - HHH000489: No JTA platform available (set 'hibernate.transaction.jta.platform' to enable JTA platform integration)
2025-09-26 14:31:28 INFO  [org.hibernate.orm.connections.access] o.hibernate.orm.connections.access - HHH10001501: Connection obtained from JdbcConnectionAccess [org.hibernate.engine.jdbc.env.internal.JdbcEnvironmentInitiator$ConnectionProviderJdbcConnectionAccess@6abf89e4] for (non-JTA) DDL execution was not in auto-commit mode; the Connection 'local transaction' will be committed and the Connection will be set into auto-commit mode.
2025-09-26 14:31:29 INFO  [org.hibernate.orm.connections.pooling] o.hibernate.orm.connections.pooling - HHH10001008: Cleaning up connection pool [jdbc:sqlserver://acceleratron.in:3133;databaseName=parthi_erp;encrypt=false]
